[2026-02-15 02:00:46] 开始归档任务
/home/lchych/clawd/memory/moltbook-surf-2026-02-06-19.md:	 42.3% -- replaced with /home/lchych/clawd/memory/moltbook-surf-2026-02-06-19.md.gz
/home/lchych/clawd/memory/moltbook-surf-2026-02-06-17.md:	 42.3% -- replaced with /home/lchych/clawd/memory/moltbook-surf-2026-02-06-17.md.gz
/home/lchych/clawd/memory/moltbook-surf-2026-02-06-21.md:	 42.6% -- replaced with /home/lchych/clawd/memory/moltbook-surf-2026-02-06-21.md.gz
/home/lchych/clawd/memory/moltbook-surf-2026-02-06-23.md:	 42.7% -- replaced with /home/lchych/clawd/memory/moltbook-surf-2026-02-06-23.md.gz
[2026-02-15 02:00:46] 归档完成
归档前: 440K, 归档后: 440K, 归档文件数: 4
---
[2026-02-22 02:00:16] 开始归档任务
/home/lchych/clawd/memory/moltbook-surf-2026-02-07-23.md:	 42.6% -- replaced with /home/lchych/clawd/memory/moltbook-surf-2026-02-07-23.md.gz
/home/lchych/clawd/memory/moltbook-surf-2026-02-07-22.md:	 43.7% -- replaced with /home/lchych/clawd/memory/moltbook-surf-2026-02-07-22.md.gz
/home/lchych/clawd/memory/moltbook-surf-2026-02-08-14.md:	 42.2% -- replaced with /home/lchych/clawd/memory/moltbook-surf-2026-02-08-14.md.gz
/home/lchych/clawd/memory/moltbook-surf-2026-02-07-12.md:	 42.6% -- replaced with /home/lchych/clawd/memory/moltbook-surf-2026-02-07-12.md.gz
/home/lchych/clawd/memory/moltbook-surf-2026-02-11-00.md:	 43.6% -- replaced with /home/lchych/clawd/memory/moltbook-surf-2026-02-11-00.md.gz
/home/lchych/clawd/memory/moltbook-surf-2026-02-08-18.md:	 42.0% -- replaced with /home/lchych/clawd/memory/moltbook-surf-2026-02-08-18.md.gz
/home/lchych/clawd/memory/moltbook-surf-2026-02-07-18.md:	 44.2% -- replaced with /home/lchych/clawd/memory/moltbook-surf-2026-02-07-18.md.gz
/home/lchych/clawd/memory/moltbook-surf-2026-02-07-21.md:	 43.7% -- replaced with /home/lchych/clawd/memory/moltbook-surf-2026-02-07-21.md.gz
/home/lchych/clawd/memory/moltbook-surf-2026-02-07-16.md:	 42.6% -- replaced with /home/lchych/clawd/memory/moltbook-surf-2026-02-07-16.md.gz
/home/lchych/clawd/memory/moltbook-surf-2026-02-07-17.md:	 42.6% -- replaced with /home/lchych/clawd/memory/moltbook-surf-2026-02-07-17.md.gz
/home/lchych/clawd/memory/moltbook-surf-2026-02-08-01.md:	 43.6% -- replaced with /home/lchych/clawd/memory/moltbook-surf-2026-02-08-01.md.gz
/home/lchych/clawd/memory/moltbook-surf-2026-02-08-00.md:	 43.7% -- replaced with /home/lchych/clawd/memory/moltbook-surf-2026-02-08-00.md.gz
/home/lchych/clawd/memory/moltbook-surf-2026-02-07-19.md:	 45.3% -- replaced with /home/lchych/clawd/memory/moltbook-surf-2026-02-07-19.md.gz
/home/lchych/clawd/memory/moltbook-surf-2026-02-09-03.md:	 42.5% -- replaced with /home/lchych/clawd/memory/moltbook-surf-2026-02-09-03.md.gz
/home/lchych/clawd/memory/moltbook-surf-2026-02-13-00.md:	 43.7% -- replaced with /home/lchych/clawd/memory/moltbook-surf-2026-02-13-00.md.gz
/home/lchych/clawd/memory/moltbook-surf-2026-02-07-20.md:	 30.9% -- replaced with /home/lchych/clawd/memory/moltbook-surf-2026-02-07-20.md.gz
/home/lchych/clawd/memory/moltbook-surf-2026-02-07-09.md:	 42.7% -- replaced with /home/lchych/clawd/memory/moltbook-surf-2026-02-07-09.md.gz
/home/lchych/clawd/memory/moltbook-surf-2026-02-10-00.md:	 43.7% -- replaced with /home/lchych/clawd/memory/moltbook-surf-2026-02-10-00.md.gz
/home/lchych/clawd/memory/moltbook-surf-2026-02-12-00.md:	 43.7% -- replaced with /home/lchych/clawd/memory/moltbook-surf-2026-02-12-00.md.gz
/home/lchych/clawd/memory/moltbook-surf-2026-02-09-00.md:	 43.6% -- replaced with /home/lchych/clawd/memory/moltbook-surf-2026-02-09-00.md.gz
/home/lchych/clawd/memory/moltbook-surf-2026-02-14-00.md:	 43.6% -- replaced with /home/lchych/clawd/memory/moltbook-surf-2026-02-14-00.md.gz
/home/lchych/clawd/memory/moltbook-surf-2026-02-08-16.md:	 42.3% -- replaced with /home/lchych/clawd/memory/moltbook-surf-2026-02-08-16.md.gz
[2026-02-22 02:00:16] 归档完成
归档前: 532K, 归档后: 532K, 归档文件数: 26
---
[2026-03-01 02:00:04] 开始归档任务
/home/lchych/clawd/memory/moltbook-surf-2026-02-17-00.md:	 43.8% -- replaced with /home/lchych/clawd/memory/moltbook-surf-2026-02-17-00.md.gz
/home/lchych/clawd/memory/moltbook-surf-2026-02-16-00.md:	 43.8% -- replaced with /home/lchych/clawd/memory/moltbook-surf-2026-02-16-00.md.gz
/home/lchych/clawd/memory/moltbook-surf-2026-02-15-00.md:	 43.8% -- replaced with /home/lchych/clawd/memory/moltbook-surf-2026-02-15-00.md.gz
[2026-03-01 02:00:04] 归档完成
归档前: 632K, 归档后: 636K, 归档文件数: 29
---
[2026-03-08 02:00:35] 开始归档任务
[2026-03-08 02:00:35] 归档完成
归档前: 712K, 归档后: 712K, 归档文件数: 29
---
[2026-03-15 02:00:27] 开始归档任务
/home/lchych/clawd/memory/2026-02-06.md:	 43.8% -- replaced with /home/lchych/clawd/memory/2026-02-06.md.gz
/home/lchych/clawd/memory/2026-02-11.md:	 31.7% -- replaced with /home/lchych/clawd/memory/2026-02-11.md.gz
/home/lchych/clawd/memory/2026-02-07.md:	 38.8% -- replaced with /home/lchych/clawd/memory/2026-02-07.md.gz
/home/lchych/clawd/memory/moltbook-deep-learning-2026-02-06.md:	 42.0% -- replaced with /home/lchych/clawd/memory/moltbook-deep-learning-2026-02-06.md.gz
/home/lchych/clawd/memory/openclaw-config-system-learning.md:	 68.0% -- replaced with /home/lchych/clawd/memory/openclaw-config-system-learning.md.gz
/home/lchych/clawd/memory/ai-news-brief-2026-02-07-prep.md:	 40.7% -- replaced with /home/lchych/clawd/memory/ai-news-brief-2026-02-07-prep.md.gz
/home/lchych/clawd/memory/github-awesome-skills-learning.md:	 49.8% -- replaced with /home/lchych/clawd/memory/github-awesome-skills-learning.md.gz
/home/lchych/clawd/memory/openclaw-cron-telegram-fix.md:	 51.2% -- replaced with /home/lchych/clawd/memory/openclaw-cron-telegram-fix.md.gz
/home/lchych/clawd/memory/self-review.md:	 45.3% -- replaced with /home/lchych/clawd/memory/self-review.md.gz
/home/lchych/clawd/memory/2026-02-09.md:	 31.0% -- replaced with /home/lchych/clawd/memory/2026-02-09.md.gz
/home/lchych/clawd/memory/2026-02-10.md:	 35.7% -- replaced with /home/lchych/clawd/memory/2026-02-10.md.gz
/home/lchych/clawd/memory/self-learning-2026-02-06.md:	 25.8% -- replaced with /home/lchych/clawd/memory/self-learning-2026-02-06.md.gz
/home/lchych/clawd/memory/moltbook-learning.md:	 41.7% -- replaced with /home/lchych/clawd/memory/moltbook-learning.md.gz
[2026-03-15 02:00:27] 归档完成
归档前: 788K, 归档后: 776K, 归档文件数: 42
---
