[2026-02-09 00:46:29] === 会话初始化开始 ===
[2026-02-09 00:46:29] ✅ MUST_READ.md 存在
[2026-02-09 00:46:29] 📋 协作者 API: ...
[2026-02-09 00:46:29] ✅ Docker 权限正常
[2026-02-09 00:46:29] 🐳 运行中的容器: antigravity-manager,
[2026-02-09 00:46:29] ⏰ 定时任务数量: 1
[2026-02-09 00:46:29] === 会话初始化完成 ===
[2026-02-09 09:06:06] === 会话初始化开始 ===
[2026-02-09 09:06:06] ✅ MUST_READ.md 存在
[2026-02-09 09:06:06] 📋 协作者 API: ...
[2026-02-09 09:06:06] ✅ Docker 权限正常
[2026-02-09 09:06:06] 🐳 运行中的容器: antigravity-manager,
[2026-02-09 09:06:06] ⏰ 定时任务数量: 0
0
[2026-02-09 09:06:06] === 会话初始化完成 ===
[2026-02-09 09:06:07] === 会话初始化开始 ===
[2026-02-09 09:06:07] ✅ MUST_READ.md 存在
[2026-02-09 09:06:07] 📋 协作者 API: ...
[2026-02-09 09:06:07] ✅ Docker 权限正常
[2026-02-09 09:06:07] 🐳 运行中的容器: antigravity-manager,
[2026-02-09 09:06:07] ⏰ 定时任务数量: 0
0
[2026-02-09 09:06:07] === 会话初始化完成 ===
[2026-02-09 17:38:02] === 会话初始化开始 ===
[2026-02-09 17:38:02] ✅ MUST_READ.md 存在
[2026-02-09 17:38:02] 📋 协作者 API: ...
[2026-02-09 17:38:02] ✅ Docker 权限正常
[2026-02-09 17:38:02] 🐳 运行中的容器: antigravity-manager,
[2026-02-09 17:38:02] ⏰ 定时任务数量: 0
0
[2026-02-09 17:38:02] === 会话初始化完成 ===
[2026-02-09 17:38:02] === 会话初始化开始 ===
[2026-02-09 17:38:02] ✅ MUST_READ.md 存在
[2026-02-09 17:38:02] 📋 协作者 API: ...
[2026-02-09 17:38:03] ✅ Docker 权限正常
[2026-02-09 17:38:03] 🐳 运行中的容器: antigravity-manager,
[2026-02-09 17:38:03] ⏰ 定时任务数量: 0
0
[2026-02-09 17:38:03] === 会话初始化完成 ===
[2026-02-09 17:50:00] === 会话初始化开始 ===
[2026-02-09 17:50:00] ✅ MUST_READ.md 存在
[2026-02-09 17:50:00] 📋 协作者 API: ...
[2026-02-09 17:50:00] ✅ Docker 权限正常
[2026-02-09 17:50:00] 🐳 运行中的容器: antigravity-manager,
[2026-02-09 17:50:00] ⏰ 定时任务数量: 0
0
[2026-02-09 17:50:00] === 会话初始化完成 ===
[2026-02-09 17:50:01] === 会话初始化开始 ===
[2026-02-09 17:50:01] ✅ MUST_READ.md 存在
[2026-02-09 17:50:01] 📋 协作者 API: ...
[2026-02-09 17:50:01] ✅ Docker 权限正常
[2026-02-09 17:50:01] 🐳 运行中的容器: antigravity-manager,
[2026-02-09 17:50:01] ⏰ 定时任务数量: 0
0
[2026-02-09 17:50:01] === 会话初始化完成 ===
[2026-02-09 17:55:58] === 会话初始化开始 ===
[2026-02-09 17:55:58] ✅ MUST_READ.md 存在
[2026-02-09 17:55:58] 📋 协作者 API: ...
[2026-02-09 17:55:58] ✅ Docker 权限正常
[2026-02-09 17:55:58] 🐳 运行中的容器: antigravity-manager,
[2026-02-09 17:55:58] ⏰ 定时任务数量: 0
0
[2026-02-09 17:55:58] === 会话初始化完成 ===
[2026-02-09 17:55:59] === 会话初始化开始 ===
[2026-02-09 17:55:59] ✅ MUST_READ.md 存在
[2026-02-09 17:55:59] 📋 协作者 API: ...
[2026-02-09 17:55:59] ✅ Docker 权限正常
[2026-02-09 17:55:59] 🐳 运行中的容器: antigravity-manager,
[2026-02-09 17:55:59] ⏰ 定时任务数量: 0
0
[2026-02-09 17:55:59] === 会话初始化完成 ===
[2026-02-09 18:09:22] === 会话初始化开始 ===
[2026-02-09 18:09:22] ✅ MUST_READ.md 存在
[2026-02-09 18:09:22] 📋 协作者 API: ...
[2026-02-09 18:09:23] ✅ Docker 权限正常
[2026-02-09 18:09:23] 🐳 运行中的容器: antigravity-manager,
[2026-02-09 18:09:23] ⏰ 定时任务数量: 0
0
[2026-02-09 18:09:23] === 会话初始化完成 ===
[2026-02-09 18:09:24] === 会话初始化开始 ===
[2026-02-09 18:09:24] ✅ MUST_READ.md 存在
[2026-02-09 18:09:24] 📋 协作者 API: ...
[2026-02-09 18:09:24] ✅ Docker 权限正常
[2026-02-09 18:09:24] 🐳 运行中的容器: antigravity-manager,
[2026-02-09 18:09:24] ⏰ 定时任务数量: 0
0
[2026-02-09 18:09:24] === 会话初始化完成 ===
[2026-02-09 18:09:30] === 会话初始化开始 ===
[2026-02-09 18:09:30] ✅ MUST_READ.md 存在
[2026-02-09 18:09:30] 📋 协作者 API: ...
[2026-02-09 18:09:30] ✅ Docker 权限正常
[2026-02-09 18:09:30] 🐳 运行中的容器: antigravity-manager,
[2026-02-09 18:09:30] ⏰ 定时任务数量: 0
0
[2026-02-09 18:09:30] === 会话初始化完成 ===
[2026-02-09 18:09:30] === 会话初始化开始 ===
[2026-02-09 18:09:30] ✅ MUST_READ.md 存在
[2026-02-09 18:09:30] 📋 协作者 API: ...
[2026-02-09 18:09:30] ✅ Docker 权限正常
[2026-02-09 18:09:30] 🐳 运行中的容器: antigravity-manager,
[2026-02-09 18:09:30] ⏰ 定时任务数量: 0
0
[2026-02-09 18:09:30] === 会话初始化完成 ===
[2026-02-09 18:18:46] === 会话初始化开始 ===
[2026-02-09 18:18:46] ✅ MUST_READ.md 存在
[2026-02-09 18:18:46] 📋 协作者 API: ...
[2026-02-09 18:18:46] ✅ Docker 权限正常
[2026-02-09 18:18:46] 🐳 运行中的容器: antigravity-manager,
[2026-02-09 18:18:46] ⏰ 定时任务数量: 0
0
[2026-02-09 18:18:46] === 会话初始化完成 ===
[2026-02-09 18:18:48] === 会话初始化开始 ===
[2026-02-09 18:18:48] ✅ MUST_READ.md 存在
[2026-02-09 18:18:48] 📋 协作者 API: ...
[2026-02-09 18:18:48] ✅ Docker 权限正常
[2026-02-09 18:18:48] 🐳 运行中的容器: antigravity-manager,
[2026-02-09 18:18:48] ⏰ 定时任务数量: 0
0
[2026-02-09 18:18:48] === 会话初始化完成 ===
[2026-02-09 19:47:58] === 会话初始化开始 ===
[2026-02-09 19:47:58] ✅ MUST_READ.md 存在
[2026-02-09 19:47:58] 📋 协作者 API: ...
[2026-02-09 19:47:58] ✅ Docker 权限正常
[2026-02-09 19:47:58] 🐳 运行中的容器: antigravity-manager,
[2026-02-09 19:47:58] ⏰ 定时任务数量: 0
0
[2026-02-09 19:47:58] === 会话初始化完成 ===
[2026-02-09 22:58:48] === 会话初始化开始 ===
[2026-02-09 22:58:48] ✅ MUST_READ.md 存在
[2026-02-09 22:58:48] 📋 协作者 API: ...
[2026-02-09 22:58:48] ✅ Docker 权限正常
[2026-02-09 22:58:48] 🐳 运行中的容器: antigravity-manager,
[2026-02-09 22:58:48] ⏰ 定时任务数量: 0
0
[2026-02-09 22:58:48] === 会话初始化完成 ===
[2026-02-09 23:11:06] === 会话初始化开始 ===
[2026-02-09 23:11:06] ✅ MUST_READ.md 存在
[2026-02-09 23:11:06] 📋 协作者 API: ...
[2026-02-09 23:11:06] ✅ Docker 权限正常
[2026-02-09 23:11:06] 🐳 运行中的容器: antigravity-manager,
[2026-02-09 23:11:06] ⏰ 定时任务数量: 0
0
[2026-02-09 23:11:06] === 会话初始化完成 ===
[2026-02-09 23:50:35] === 会话初始化开始 ===
[2026-02-09 23:50:35] ✅ MUST_READ.md 存在
[2026-02-09 23:50:35] 📋 协作者 API: ...
[2026-02-09 23:50:35] ✅ Docker 权限正常
[2026-02-09 23:50:35] 🐳 运行中的容器: antigravity-manager,
[2026-02-09 23:50:35] ⏰ 定时任务数量: 0
0
[2026-02-09 23:50:35] === 会话初始化完成 ===
[2026-02-10 00:01:28] === 会话初始化开始 ===
[2026-02-10 00:01:28] ✅ MUST_READ.md 存在
[2026-02-10 00:01:28] 📋 协作者 API: ...
[2026-02-10 00:01:28] ✅ Docker 权限正常
[2026-02-10 00:01:28] 🐳 运行中的容器: antigravity-manager,
[2026-02-10 00:01:28] ⏰ 定时任务数量: 0
0
[2026-02-10 00:01:28] === 会话初始化完成 ===
